<?xml version="1.0" encoding="UTF-8"?>
<testsuite xmlns:xsi="http://www.w3.org/2001/XMLSchema-instance" xsi:noNamespaceSchemaLocation="https://maven.apache.org/surefire/maven-surefire-plugin/xsd/surefire-test-report-3.0.xsd" version="3.0" name="weshare.model.PersonTests" time="0.003" tests="2" errors="0" skipped="0" failures="0">
  <properties>
    <property name="java.specification.version" value="17"/>
    <property name="sun.jnu.encoding" value="UTF-8"/>
    <property name="java.class.path" value="/app/target/test-classes:/app/target/classes:/root/.m2/repository/io/javalin/javalin/4.6.4/javalin-4.6.4.jar:/root/.m2/repository/org/slf4j/slf4j-api/1.7.36/slf4j-api-1.7.36.jar:/root/.m2/repository/org/eclipse/jetty/jetty-server/9.4.48.v20220622/jetty-server-9.4.48.v20220622.jar:/root/.m2/repository/javax/servlet/javax.servlet-api/3.1.0/javax.servlet-api-3.1.0.jar:/root/.m2/repository/org/eclipse/jetty/jetty-http/9.4.48.v20220622/jetty-http-9.4.48.v20220622.jar:/root/.m2/repository/org/eclipse/jetty/jetty-util/9.4.48.v20220622/jetty-util-9.4.48.v20220622.jar:/root/.m2/repository/org/eclipse/jetty/jetty-io/9.4.48.v20220622/jetty-io-9.4.48.v20220622.jar:/root/.m2/repository/org/eclipse/jetty/jetty-webapp/9.4.48.v20220622/jetty-webapp-9.4.48.v20220622.jar:/root/.m2/repository/org/eclipse/jetty/jetty-xml/9.4.48.v20220622/jetty-xml-9.4.48.v20220622.jar:/root/.m2/repository/org/eclipse/jetty/jetty-servlet/9.4.48.v20220622/jetty-servlet-9.4.48.v20220622.jar:/root/.m2/repository/org/eclipse/jetty/jetty-security/9.4.48.v20220622/jetty-security-9.4.48.v20220622.jar:/root/.m2/repository/org/eclipse/jetty/jetty-util-ajax/9.4.48.v20220622/jetty-util-ajax-9.4.48.v20220622.jar:/root/.m2/repository/org/eclipse/jetty/websocket/websocket-server/9.4.48.v20220622/websocket-server-9.4.48.v20220622.jar:/root/.m2/repository/org/eclipse/jetty/websocket/websocket-common/9.4.48.v20220622/websocket-common-9.4.48.v20220622.jar:/root/.m2/repository/org/eclipse/jetty/websocket/websocket-api/9.4.48.v20220622/websocket-api-9.4.48.v20220622.jar:/root/.m2/repository/org/eclipse/jetty/websocket/websocket-client/9.4.48.v20220622/websocket-client-9.4.48.v20220622.jar:/root/.m2/repository/org/eclipse/jetty/jetty-client/9.4.48.v20220622/jetty-client-9.4.48.v20220622.jar:/root/.m2/repository/org/eclipse/jetty/websocket/websocket-servlet/9.4.48.v20220622/websocket-servlet-9.4.48.v20220622.jar:/root/.m2/repository/org/jetbrains/kotlin/kotlin-stdlib-jdk8/1.5.32/kotlin-stdlib-jdk8-1.5.32.jar:/root/.m2/repository/org/jetbrains/kotlin/kotlin-stdlib/1.5.32/kotlin-stdlib-1.5.32.jar:/root/.m2/repository/org/jetbrains/annotations/13.0/annotations-13.0.jar:/root/.m2/repository/org/jetbrains/kotlin/kotlin-stdlib-common/1.5.32/kotlin-stdlib-common-1.5.32.jar:/root/.m2/repository/org/jetbrains/kotlin/kotlin-stdlib-jdk7/1.5.32/kotlin-stdlib-jdk7-1.5.32.jar:/root/.m2/repository/org/slf4j/slf4j-simple/1.7.36/slf4j-simple-1.7.36.jar:/root/.m2/repository/org/seleniumhq/selenium/selenium-chrome-driver/4.24.0/selenium-chrome-driver-4.24.0.jar:/root/.m2/repository/com/google/auto/service/auto-service-annotations/1.1.1/auto-service-annotations-1.1.1.jar:/root/.m2/repository/org/seleniumhq/selenium/selenium-api/4.24.0/selenium-api-4.24.0.jar:/root/.m2/repository/org/jspecify/jspecify/1.0.0/jspecify-1.0.0.jar:/root/.m2/repository/org/seleniumhq/selenium/selenium-chromium-driver/4.24.0/selenium-chromium-driver-4.24.0.jar:/root/.m2/repository/org/seleniumhq/selenium/selenium-json/4.24.0/selenium-json-4.24.0.jar:/root/.m2/repository/org/seleniumhq/selenium/selenium-manager/4.24.0/selenium-manager-4.24.0.jar:/root/.m2/repository/org/seleniumhq/selenium/selenium-os/4.24.0/selenium-os-4.24.0.jar:/root/.m2/repository/org/apache/commons/commons-exec/1.4.0/commons-exec-1.4.0.jar:/root/.m2/repository/org/seleniumhq/selenium/selenium-remote-driver/4.24.0/selenium-remote-driver-4.24.0.jar:/root/.m2/repository/io/opentelemetry/semconv/opentelemetry-semconv/1.25.0-alpha/opentelemetry-semconv-1.25.0-alpha.jar:/root/.m2/repository/io/opentelemetry/opentelemetry-api/1.41.0/opentelemetry-api-1.41.0.jar:/root/.m2/repository/io/opentelemetry/opentelemetry-context/1.41.0/opentelemetry-context-1.41.0.jar:/root/.m2/repository/io/opentelemetry/opentelemetry-exporter-logging/1.41.0/opentelemetry-exporter-logging-1.41.0.jar:/root/.m2/repository/io/opentelemetry/opentelemetry-sdk-common/1.41.0/opentelemetry-sdk-common-1.41.0.jar:/root/.m2/repository/io/opentelemetry/opentelemetry-sdk-extension-autoconfigure-spi/1.41.0/opentelemetry-sdk-extension-autoconfigure-spi-1.41.0.jar:/root/.m2/repository/io/opentelemetry/opentelemetry-sdk-extension-autoconfigure/1.41.0/opentelemetry-sdk-extension-autoconfigure-1.41.0.jar:/root/.m2/repository/io/opentelemetry/opentelemetry-api-incubator/1.41.0-alpha/opentelemetry-api-incubator-1.41.0-alpha.jar:/root/.m2/repository/io/opentelemetry/opentelemetry-sdk-trace/1.41.0/opentelemetry-sdk-trace-1.41.0.jar:/root/.m2/repository/io/opentelemetry/opentelemetry-sdk/1.41.0/opentelemetry-sdk-1.41.0.jar:/root/.m2/repository/io/opentelemetry/opentelemetry-sdk-metrics/1.41.0/opentelemetry-sdk-metrics-1.41.0.jar:/root/.m2/repository/io/opentelemetry/opentelemetry-sdk-logs/1.41.0/opentelemetry-sdk-logs-1.41.0.jar:/root/.m2/repository/org/seleniumhq/selenium/selenium-http/4.24.0/selenium-http-4.24.0.jar:/root/.m2/repository/dev/failsafe/failsafe/3.3.2/failsafe-3.3.2.jar:/root/.m2/repository/org/seleniumhq/selenium/selenium-support/4.24.0/selenium-support-4.24.0.jar:/root/.m2/repository/net/bytebuddy/byte-buddy/1.15.0/byte-buddy-1.15.0.jar:/root/.m2/repository/io/github/bonigarcia/webdrivermanager/5.3.2/webdrivermanager-5.3.2.jar:/root/.m2/repository/com/google/code/gson/gson/2.10.1/gson-2.10.1.jar:/root/.m2/repository/com/github/docker-java/docker-java/3.2.14/docker-java-3.2.14.jar:/root/.m2/repository/com/github/docker-java/docker-java-core/3.2.14/docker-java-core-3.2.14.jar:/root/.m2/repository/com/github/docker-java/docker-java-api/3.2.14/docker-java-api-3.2.14.jar:/root/.m2/repository/com/fasterxml/jackson/core/jackson-annotations/2.10.3/jackson-annotations-2.10.3.jar:/root/.m2/repository/org/apache/commons/commons-compress/1.21/commons-compress-1.21.jar:/root/.m2/repository/com/fasterxml/jackson/core/jackson-databind/2.10.3/jackson-databind-2.10.3.jar:/root/.m2/repository/com/fasterxml/jackson/core/jackson-core/2.10.3/jackson-core-2.10.3.jar:/root/.m2/repository/org/bouncycastle/bcpkix-jdk15on/1.64/bcpkix-jdk15on-1.64.jar:/root/.m2/repository/org/bouncycastle/bcprov-jdk15on/1.64/bcprov-jdk15on-1.64.jar:/root/.m2/repository/org/slf4j/jcl-over-slf4j/1.7.30/jcl-over-slf4j-1.7.30.jar:/root/.m2/repository/com/github/docker-java/docker-java-transport-httpclient5/3.2.14/docker-java-transport-httpclient5-3.2.14.jar:/root/.m2/repository/com/github/docker-java/docker-java-transport/3.2.14/docker-java-transport-3.2.14.jar:/root/.m2/repository/net/java/dev/jna/jna/5.12.1/jna-5.12.1.jar:/root/.m2/repository/org/brotli/dec/0.1.2/dec-0.1.2.jar:/root/.m2/repository/org/apache/httpcomponents/client5/httpclient5/5.2.1/httpclient5-5.2.1.jar:/root/.m2/repository/org/apache/httpcomponents/core5/httpcore5/5.2/httpcore5-5.2.jar:/root/.m2/repository/org/apache/httpcomponents/core5/httpcore5-h2/5.2/httpcore5-h2-5.2.jar:/root/.m2/repository/org/junit/jupiter/junit-jupiter-engine/5.9.0/junit-jupiter-engine-5.9.0.jar:/root/.m2/repository/org/junit/platform/junit-platform-engine/1.9.0/junit-platform-engine-1.9.0.jar:/root/.m2/repository/org/opentest4j/opentest4j/1.2.0/opentest4j-1.2.0.jar:/root/.m2/repository/org/junit/platform/junit-platform-commons/1.9.0/junit-platform-commons-1.9.0.jar:/root/.m2/repository/org/junit/jupiter/junit-jupiter-api/5.9.0/junit-jupiter-api-5.9.0.jar:/root/.m2/repository/org/apiguardian/apiguardian-api/1.1.2/apiguardian-api-1.1.2.jar:/root/.m2/repository/org/assertj/assertj-core/3.23.1/assertj-core-3.23.1.jar:/root/.m2/repository/com/google/guava/guava/31.1-jre/guava-31.1-jre.jar:/root/.m2/repository/com/google/guava/failureaccess/1.0.1/failureaccess-1.0.1.jar:/root/.m2/repository/com/google/guava/listenablefuture/9999.0-empty-to-avoid-conflict-with-guava/listenablefuture-9999.0-empty-to-avoid-conflict-with-guava.jar:/root/.m2/repository/com/google/code/findbugs/jsr305/3.0.2/jsr305-3.0.2.jar:/root/.m2/repository/org/checkerframework/checker-qual/3.12.0/checker-qual-3.12.0.jar:/root/.m2/repository/com/google/errorprone/error_prone_annotations/2.11.0/error_prone_annotations-2.11.0.jar:/root/.m2/repository/com/google/j2objc/j2objc-annotations/1.3/j2objc-annotations-1.3.jar:/root/.m2/repository/org/thymeleaf/thymeleaf/3.0.15.RELEASE/thymeleaf-3.0.15.RELEASE.jar:/root/.m2/repository/ognl/ognl/3.1.26/ognl-3.1.26.jar:/root/.m2/repository/org/javassist/javassist/3.20.0-GA/javassist-3.20.0-GA.jar:/root/.m2/repository/org/attoparser/attoparser/2.0.5.RELEASE/attoparser-2.0.5.RELEASE.jar:/root/.m2/repository/org/unbescape/unbescape/1.1.6.RELEASE/unbescape-1.1.6.RELEASE.jar:/root/.m2/repository/nz/net/ultraq/thymeleaf/thymeleaf-layout-dialect/3.1.0/thymeleaf-layout-dialect-3.1.0.jar:/root/.m2/repository/org/apache/groovy/groovy/4.0.0/groovy-4.0.0.jar:/root/.m2/repository/nz/net/ultraq/groovy/groovy-extensions/2.0.0/groovy-extensions-2.0.0.jar:/root/.m2/repository/nz/net/ultraq/thymeleaf/thymeleaf-expression-processor/3.1.0/thymeleaf-expression-processor-3.1.0.jar:/root/.m2/repository/org/javamoney/moneta/moneta-core/1.4.2/moneta-core-1.4.2.jar:/root/.m2/repository/org/javamoney/moneta/moneta-convert/1.4.2/moneta-convert-1.4.2.jar:/root/.m2/repository/org/javamoney/moneta/moneta-convert-imf/1.4.2/moneta-convert-imf-1.4.2.jar:/root/.m2/repository/org/javamoney/moneta/moneta-convert-ecb/1.4.2/moneta-convert-ecb-1.4.2.jar:/root/.m2/repository/javax/money/money-api/1.1/money-api-1.1.jar:/root/.m2/repository/javax/annotation/javax.annotation-api/1.3.2/javax.annotation-api-1.3.2.jar:/root/.m2/repository/commons-validator/commons-validator/1.7/commons-validator-1.7.jar:/root/.m2/repository/commons-beanutils/commons-beanutils/1.9.4/commons-beanutils-1.9.4.jar:/root/.m2/repository/commons-digester/commons-digester/2.1/commons-digester-2.1.jar:/root/.m2/repository/commons-logging/commons-logging/1.2/commons-logging-1.2.jar:/root/.m2/repository/commons-collections/commons-collections/3.2.2/commons-collections-3.2.2.jar:/root/.m2/repository/org/apache/commons/commons-lang3/3.12.0/commons-lang3-3.12.0.jar:/root/.m2/repository/ru/yandex/qatools/ashot/ashot/1.5.4/ashot-1.5.4.jar:/root/.m2/repository/commons-io/commons-io/2.5/commons-io-2.5.jar:/root/.m2/repository/org/hamcrest/hamcrest-core/1.3/hamcrest-core-1.3.jar:"/>
    <property name="java.vm.vendor" value="Azul Systems, Inc."/>
    <property name="sun.arch.data.model" value="64"/>
    <property name="java.vendor.url" value="http://www.azul.com/"/>
    <property name="user.timezone" value="Africa/Johannesburg"/>
    <property name="os.name" value="Linux"/>
    <property name="java.vm.specification.version" value="17"/>
    <property name="sun.java.launcher" value="SUN_STANDARD"/>
    <property name="user.country" value="ZA"/>
    <property name="sun.boot.library.path" value="/root/.sdkman/candidates/java/17.0.3-zulu/lib"/>
    <property name="sun.java.command" value="/app/target/surefire/surefirebooter8751059240517234411.jar /app/target/surefire 2024-11-15T22-25-54_833-jvmRun1 surefire1392255373420835630tmp surefire_015747644973944930181tmp"/>
    <property name="jdk.debug" value="release"/>
    <property name="surefire.test.class.path" value="/app/target/test-classes:/app/target/classes:/root/.m2/repository/io/javalin/javalin/4.6.4/javalin-4.6.4.jar:/root/.m2/repository/org/slf4j/slf4j-api/1.7.36/slf4j-api-1.7.36.jar:/root/.m2/repository/org/eclipse/jetty/jetty-server/9.4.48.v20220622/jetty-server-9.4.48.v20220622.jar:/root/.m2/repository/javax/servlet/javax.servlet-api/3.1.0/javax.servlet-api-3.1.0.jar:/root/.m2/repository/org/eclipse/jetty/jetty-http/9.4.48.v20220622/jetty-http-9.4.48.v20220622.jar:/root/.m2/repository/org/eclipse/jetty/jetty-util/9.4.48.v20220622/jetty-util-9.4.48.v20220622.jar:/root/.m2/repository/org/eclipse/jetty/jetty-io/9.4.48.v20220622/jetty-io-9.4.48.v20220622.jar:/root/.m2/repository/org/eclipse/jetty/jetty-webapp/9.4.48.v20220622/jetty-webapp-9.4.48.v20220622.jar:/root/.m2/repository/org/eclipse/jetty/jetty-xml/9.4.48.v20220622/jetty-xml-9.4.48.v20220622.jar:/root/.m2/repository/org/eclipse/jetty/jetty-servlet/9.4.48.v20220622/jetty-servlet-9.4.48.v20220622.jar:/root/.m2/repository/org/eclipse/jetty/jetty-security/9.4.48.v20220622/jetty-security-9.4.48.v20220622.jar:/root/.m2/repository/org/eclipse/jetty/jetty-util-ajax/9.4.48.v20220622/jetty-util-ajax-9.4.48.v20220622.jar:/root/.m2/repository/org/eclipse/jetty/websocket/websocket-server/9.4.48.v20220622/websocket-server-9.4.48.v20220622.jar:/root/.m2/repository/org/eclipse/jetty/websocket/websocket-common/9.4.48.v20220622/websocket-common-9.4.48.v20220622.jar:/root/.m2/repository/org/eclipse/jetty/websocket/websocket-api/9.4.48.v20220622/websocket-api-9.4.48.v20220622.jar:/root/.m2/repository/org/eclipse/jetty/websocket/websocket-client/9.4.48.v20220622/websocket-client-9.4.48.v20220622.jar:/root/.m2/repository/org/eclipse/jetty/jetty-client/9.4.48.v20220622/jetty-client-9.4.48.v20220622.jar:/root/.m2/repository/org/eclipse/jetty/websocket/websocket-servlet/9.4.48.v20220622/websocket-servlet-9.4.48.v20220622.jar:/root/.m2/repository/org/jetbrains/kotlin/kotlin-stdlib-jdk8/1.5.32/kotlin-stdlib-jdk8-1.5.32.jar:/root/.m2/repository/org/jetbrains/kotlin/kotlin-stdlib/1.5.32/kotlin-stdlib-1.5.32.jar:/root/.m2/repository/org/jetbrains/annotations/13.0/annotations-13.0.jar:/root/.m2/repository/org/jetbrains/kotlin/kotlin-stdlib-common/1.5.32/kotlin-stdlib-common-1.5.32.jar:/root/.m2/repository/org/jetbrains/kotlin/kotlin-stdlib-jdk7/1.5.32/kotlin-stdlib-jdk7-1.5.32.jar:/root/.m2/repository/org/slf4j/slf4j-simple/1.7.36/slf4j-simple-1.7.36.jar:/root/.m2/repository/org/seleniumhq/selenium/selenium-chrome-driver/4.24.0/selenium-chrome-driver-4.24.0.jar:/root/.m2/repository/com/google/auto/service/auto-service-annotations/1.1.1/auto-service-annotations-1.1.1.jar:/root/.m2/repository/org/seleniumhq/selenium/selenium-api/4.24.0/selenium-api-4.24.0.jar:/root/.m2/repository/org/jspecify/jspecify/1.0.0/jspecify-1.0.0.jar:/root/.m2/repository/org/seleniumhq/selenium/selenium-chromium-driver/4.24.0/selenium-chromium-driver-4.24.0.jar:/root/.m2/repository/org/seleniumhq/selenium/selenium-json/4.24.0/selenium-json-4.24.0.jar:/root/.m2/repository/org/seleniumhq/selenium/selenium-manager/4.24.0/selenium-manager-4.24.0.jar:/root/.m2/repository/org/seleniumhq/selenium/selenium-os/4.24.0/selenium-os-4.24.0.jar:/root/.m2/repository/org/apache/commons/commons-exec/1.4.0/commons-exec-1.4.0.jar:/root/.m2/repository/org/seleniumhq/selenium/selenium-remote-driver/4.24.0/selenium-remote-driver-4.24.0.jar:/root/.m2/repository/io/opentelemetry/semconv/opentelemetry-semconv/1.25.0-alpha/opentelemetry-semconv-1.25.0-alpha.jar:/root/.m2/repository/io/opentelemetry/opentelemetry-api/1.41.0/opentelemetry-api-1.41.0.jar:/root/.m2/repository/io/opentelemetry/opentelemetry-context/1.41.0/opentelemetry-context-1.41.0.jar:/root/.m2/repository/io/opentelemetry/opentelemetry-exporter-logging/1.41.0/opentelemetry-exporter-logging-1.41.0.jar:/root/.m2/repository/io/opentelemetry/opentelemetry-sdk-common/1.41.0/opentelemetry-sdk-common-1.41.0.jar:/root/.m2/repository/io/opentelemetry/opentelemetry-sdk-extension-autoconfigure-spi/1.41.0/opentelemetry-sdk-extension-autoconfigure-spi-1.41.0.jar:/root/.m2/repository/io/opentelemetry/opentelemetry-sdk-extension-autoconfigure/1.41.0/opentelemetry-sdk-extension-autoconfigure-1.41.0.jar:/root/.m2/repository/io/opentelemetry/opentelemetry-api-incubator/1.41.0-alpha/opentelemetry-api-incubator-1.41.0-alpha.jar:/root/.m2/repository/io/opentelemetry/opentelemetry-sdk-trace/1.41.0/opentelemetry-sdk-trace-1.41.0.jar:/root/.m2/repository/io/opentelemetry/opentelemetry-sdk/1.41.0/opentelemetry-sdk-1.41.0.jar:/root/.m2/repository/io/opentelemetry/opentelemetry-sdk-metrics/1.41.0/opentelemetry-sdk-metrics-1.41.0.jar:/root/.m2/repository/io/opentelemetry/opentelemetry-sdk-logs/1.41.0/opentelemetry-sdk-logs-1.41.0.jar:/root/.m2/repository/org/seleniumhq/selenium/selenium-http/4.24.0/selenium-http-4.24.0.jar:/root/.m2/repository/dev/failsafe/failsafe/3.3.2/failsafe-3.3.2.jar:/root/.m2/repository/org/seleniumhq/selenium/selenium-support/4.24.0/selenium-support-4.24.0.jar:/root/.m2/repository/net/bytebuddy/byte-buddy/1.15.0/byte-buddy-1.15.0.jar:/root/.m2/repository/io/github/bonigarcia/webdrivermanager/5.3.2/webdrivermanager-5.3.2.jar:/root/.m2/repository/com/google/code/gson/gson/2.10.1/gson-2.10.1.jar:/root/.m2/repository/com/github/docker-java/docker-java/3.2.14/docker-java-3.2.14.jar:/root/.m2/repository/com/github/docker-java/docker-java-core/3.2.14/docker-java-core-3.2.14.jar:/root/.m2/repository/com/github/docker-java/docker-java-api/3.2.14/docker-java-api-3.2.14.jar:/root/.m2/repository/com/fasterxml/jackson/core/jackson-annotations/2.10.3/jackson-annotations-2.10.3.jar:/root/.m2/repository/org/apache/commons/commons-compress/1.21/commons-compress-1.21.jar:/root/.m2/repository/com/fasterxml/jackson/core/jackson-databind/2.10.3/jackson-databind-2.10.3.jar:/root/.m2/repository/com/fasterxml/jackson/core/jackson-core/2.10.3/jackson-core-2.10.3.jar:/root/.m2/repository/org/bouncycastle/bcpkix-jdk15on/1.64/bcpkix-jdk15on-1.64.jar:/root/.m2/repository/org/bouncycastle/bcprov-jdk15on/1.64/bcprov-jdk15on-1.64.jar:/root/.m2/repository/org/slf4j/jcl-over-slf4j/1.7.30/jcl-over-slf4j-1.7.30.jar:/root/.m2/repository/com/github/docker-java/docker-java-transport-httpclient5/3.2.14/docker-java-transport-httpclient5-3.2.14.jar:/root/.m2/repository/com/github/docker-java/docker-java-transport/3.2.14/docker-java-transport-3.2.14.jar:/root/.m2/repository/net/java/dev/jna/jna/5.12.1/jna-5.12.1.jar:/root/.m2/repository/org/brotli/dec/0.1.2/dec-0.1.2.jar:/root/.m2/repository/org/apache/httpcomponents/client5/httpclient5/5.2.1/httpclient5-5.2.1.jar:/root/.m2/repository/org/apache/httpcomponents/core5/httpcore5/5.2/httpcore5-5.2.jar:/root/.m2/repository/org/apache/httpcomponents/core5/httpcore5-h2/5.2/httpcore5-h2-5.2.jar:/root/.m2/repository/org/junit/jupiter/junit-jupiter-engine/5.9.0/junit-jupiter-engine-5.9.0.jar:/root/.m2/repository/org/junit/platform/junit-platform-engine/1.9.0/junit-platform-engine-1.9.0.jar:/root/.m2/repository/org/opentest4j/opentest4j/1.2.0/opentest4j-1.2.0.jar:/root/.m2/repository/org/junit/platform/junit-platform-commons/1.9.0/junit-platform-commons-1.9.0.jar:/root/.m2/repository/org/junit/jupiter/junit-jupiter-api/5.9.0/junit-jupiter-api-5.9.0.jar:/root/.m2/repository/org/apiguardian/apiguardian-api/1.1.2/apiguardian-api-1.1.2.jar:/root/.m2/repository/org/assertj/assertj-core/3.23.1/assertj-core-3.23.1.jar:/root/.m2/repository/com/google/guava/guava/31.1-jre/guava-31.1-jre.jar:/root/.m2/repository/com/google/guava/failureaccess/1.0.1/failureaccess-1.0.1.jar:/root/.m2/repository/com/google/guava/listenablefuture/9999.0-empty-to-avoid-conflict-with-guava/listenablefuture-9999.0-empty-to-avoid-conflict-with-guava.jar:/root/.m2/repository/com/google/code/findbugs/jsr305/3.0.2/jsr305-3.0.2.jar:/root/.m2/repository/org/checkerframework/checker-qual/3.12.0/checker-qual-3.12.0.jar:/root/.m2/repository/com/google/errorprone/error_prone_annotations/2.11.0/error_prone_annotations-2.11.0.jar:/root/.m2/repository/com/google/j2objc/j2objc-annotations/1.3/j2objc-annotations-1.3.jar:/root/.m2/repository/org/thymeleaf/thymeleaf/3.0.15.RELEASE/thymeleaf-3.0.15.RELEASE.jar:/root/.m2/repository/ognl/ognl/3.1.26/ognl-3.1.26.jar:/root/.m2/repository/org/javassist/javassist/3.20.0-GA/javassist-3.20.0-GA.jar:/root/.m2/repository/org/attoparser/attoparser/2.0.5.RELEASE/attoparser-2.0.5.RELEASE.jar:/root/.m2/repository/org/unbescape/unbescape/1.1.6.RELEASE/unbescape-1.1.6.RELEASE.jar:/root/.m2/repository/nz/net/ultraq/thymeleaf/thymeleaf-layout-dialect/3.1.0/thymeleaf-layout-dialect-3.1.0.jar:/root/.m2/repository/org/apache/groovy/groovy/4.0.0/groovy-4.0.0.jar:/root/.m2/repository/nz/net/ultraq/groovy/groovy-extensions/2.0.0/groovy-extensions-2.0.0.jar:/root/.m2/repository/nz/net/ultraq/thymeleaf/thymeleaf-expression-processor/3.1.0/thymeleaf-expression-processor-3.1.0.jar:/root/.m2/repository/org/javamoney/moneta/moneta-core/1.4.2/moneta-core-1.4.2.jar:/root/.m2/repository/org/javamoney/moneta/moneta-convert/1.4.2/moneta-convert-1.4.2.jar:/root/.m2/repository/org/javamoney/moneta/moneta-convert-imf/1.4.2/moneta-convert-imf-1.4.2.jar:/root/.m2/repository/org/javamoney/moneta/moneta-convert-ecb/1.4.2/moneta-convert-ecb-1.4.2.jar:/root/.m2/repository/javax/money/money-api/1.1/money-api-1.1.jar:/root/.m2/repository/javax/annotation/javax.annotation-api/1.3.2/javax.annotation-api-1.3.2.jar:/root/.m2/repository/commons-validator/commons-validator/1.7/commons-validator-1.7.jar:/root/.m2/repository/commons-beanutils/commons-beanutils/1.9.4/commons-beanutils-1.9.4.jar:/root/.m2/repository/commons-digester/commons-digester/2.1/commons-digester-2.1.jar:/root/.m2/repository/commons-logging/commons-logging/1.2/commons-logging-1.2.jar:/root/.m2/repository/commons-collections/commons-collections/3.2.2/commons-collections-3.2.2.jar:/root/.m2/repository/org/apache/commons/commons-lang3/3.12.0/commons-lang3-3.12.0.jar:/root/.m2/repository/ru/yandex/qatools/ashot/ashot/1.5.4/ashot-1.5.4.jar:/root/.m2/repository/commons-io/commons-io/2.5/commons-io-2.5.jar:/root/.m2/repository/org/hamcrest/hamcrest-core/1.3/hamcrest-core-1.3.jar:"/>
    <property name="sun.cpu.endian" value="little"/>
    <property name="user.home" value="/root"/>
    <property name="user.language" value="en"/>
    <property name="java.specification.vendor" value="Oracle Corporation"/>
    <property name="java.version.date" value="2022-04-19"/>
    <property name="java.home" value="/root/.sdkman/candidates/java/17.0.3-zulu"/>
    <property name="file.separator" value="/"/>
    <property name="basedir" value="/app"/>
    <property name="java.vm.compressedOopsMode" value="32-bit"/>
    <property name="line.separator" value="&#10;"/>
    <property name="java.vm.specification.vendor" value="Oracle Corporation"/>
    <property name="java.specification.name" value="Java Platform API Specification"/>
    <property name="surefire.real.class.path" value="/app/target/surefire/surefirebooter8751059240517234411.jar"/>
    <property name="sun.management.compiler" value="HotSpot 64-Bit Tiered Compilers"/>
    <property name="java.runtime.version" value="17.0.3+7-LTS"/>
    <property name="user.name" value="root"/>
    <property name="path.separator" value=":"/>
    <property name="os.version" value="5.15.167.4-microsoft-standard-WSL2"/>
    <property name="java.runtime.name" value="OpenJDK Runtime Environment"/>
    <property name="file.encoding" value="UTF-8"/>
    <property name="java.vm.name" value="OpenJDK 64-Bit Server VM"/>
    <property name="java.vendor.version" value="Zulu17.34+19-CA"/>
    <property name="localRepository" value="/root/.m2/repository"/>
    <property name="java.vendor.url.bug" value="http://www.azul.com/support/"/>
    <property name="java.io.tmpdir" value="/tmp"/>
    <property name="java.version" value="17.0.3"/>
    <property name="user.dir" value="/app"/>
    <property name="os.arch" value="amd64"/>
    <property name="java.vm.specification.name" value="Java Virtual Machine Specification"/>
    <property name="native.encoding" value="UTF-8"/>
    <property name="java.library.path" value="/usr/java/packages/lib:/usr/lib64:/lib64:/lib:/usr/lib"/>
    <property name="java.vm.info" value="mixed mode, sharing"/>
    <property name="java.vendor" value="Azul Systems, Inc."/>
    <property name="java.vm.version" value="17.0.3+7-LTS"/>
    <property name="sun.io.unicode.encoding" value="UnicodeLittle"/>
    <property name="java.class.version" value="61.0"/>
  </properties>
  <testcase name="nameFromEmailAddress" classname="weshare.model.PersonTests" time="0"/>
  <testcase name="invalidEmailAddressFails" classname="weshare.model.PersonTests" time="0.001"/>
</testsuite>